Build started 11/13/2014 3:59:51 PM.
     1>Project "C:\Users\Fabio\Documents\GitHub\Cg-Saar-RayTracer\CG1raytracer.vcxproj" on node 2 (Build target(s)).
     1>ClCompile:
         D:\Program Files (x86)\Microsoft Visual Studio 12.0\VC\bin\CL.exe /c /ZI /nologo /W3 /WX- /Od /Oy- /D _MBCS /Gm /EHsc /RTC1 /MD /GS /fp:precise /Zc:wchar_t /Zc:forScope /Fo"Debug\\" /Fd"Debug\vc120.pdb" /Gd /TP /analyze- /errorReport:prompt main\a_indexing.cpp
         a_indexing.cpp
     1>c:\users\fabio\documents\github\cg-saar-raytracer\main\a_indexing.cpp(21): warning C4316: 'rt::Sphere' : object allocated on the heap may not be aligned 16
     1>c:\users\fabio\documents\github\cg-saar-raytracer\main\a_indexing.cpp(22): warning C4316: 'rt::Sphere' : object allocated on the heap may not be aligned 16
     1>c:\users\fabio\documents\github\cg-saar-raytracer\main\a_indexing.cpp(23): warning C4316: 'rt::Sphere' : object allocated on the heap may not be aligned 16
       Link:
         D:\Program Files (x86)\Microsoft Visual Studio 12.0\VC\bin\link.exe /ERRORREPORT:PROMPT /OUT:"C:\Users\Fabio\Documents\GitHub\Cg-Saar-RayTracer\Debug\CG1raytracer.exe" /INCREMENTAL /NOLOGO gdiplus.lib SDL.lib kernel32.lib user32.lib gdi32.lib winspool.lib comdlg32.lib advapi32.lib shell32.lib ole32.lib oleaut32.lib uuid.lib odbc32.lib odbccp32.lib /MANIFEST /MANIFESTUAC:"level='asInvoker' uiAccess='false'" /manifest:embed /DEBUG /PDB:"C:\Users\Fabio\Documents\GitHub\Cg-Saar-RayTracer\Debug\CG1raytracer.pdb" /SUBSYSTEM:CONSOLE /TLBID:1 /DYNAMICBASE /NXCOMPAT /IMPLIB:"C:\Users\Fabio\Documents\GitHub\Cg-Saar-RayTracer\Debug\CG1raytracer.lib" /MACHINE:X86 Debug\color.obj
         Debug\image.obj
         Debug\julia.obj
         Debug\point.obj
         Debug\scalar.obj
         Debug\vector.obj
         Debug\a_indexing.obj
         Debug\a_julia.obj
         Debug\a_cameras.obj
         Debug\a_solids.obj
         Debug\main.obj
         Debug\bbox.obj
         Debug\environment.obj
         Debug\fisheye.obj
         Debug\orthographic.obj
         Debug\perspective.obj
         Debug\simplegroup.obj
         Debug\casting.obj
         Debug\castingdist.obj
         Debug\intersection.obj
         Debug\obj.obj
         Debug\ray.obj
         Debug\renderer.obj
         Debug\aabox.obj
         Debug\disc.obj
         Debug\generalquadric.obj
         Debug\gensphere.obj
         Debug\infiniteplane.obj
         Debug\quad.obj
         Debug\solids.obj
         Debug\sphere.obj
         Debug\triangle.obj
         SDL.lib
         SDLmain.lib
         CG1raytracer.vcxproj -> C:\Users\Fabio\Documents\GitHub\Cg-Saar-RayTracer\Debug\CG1raytracer.exe
     1>Done Building Project "C:\Users\Fabio\Documents\GitHub\Cg-Saar-RayTracer\CG1raytracer.vcxproj" (Build target(s)).

Build succeeded.

Time Elapsed 00:00:00.59
