Build started 11/15/2014 12:23:14 PM.
     1>Project "C:\Users\junaid\Dropbox\CG\CG New\CGProject\CG1raytracer.vcxproj" on node 2 (Build target(s)).
     1>ClCompile:
         C:\Program Files (x86)\Microsoft Visual Studio 12.0\VC\bin\CL.exe /c /Zi /nologo /W4 /WX- /O2 /Oi /Ot /Oy /GL /D _MBCS /Gm- /EHsc /MD /GS- /Gy /arch:SSE2 /fp:precise /fp:except- /Zc:wchar_t /Zc:forScope /GR- /openmp /Fo"Release\\" /Fd"Release\vc120.pdb" /Gd /TP /analyze- /errorReport:prompt main\a_indexing.cpp main\a_solids.cpp rt\bbox.cpp rt\groups\kd.cpp rt\groups\simplegroup.cpp rt\loaders\obj.cpp rt\solids\aabox.cpp rt\solids\disc.cpp rt\solids\generalquadric.cpp rt\solids\gensphere.cpp rt\solids\infiniteplane.cpp rt\solids\quad.cpp rt\solids\sphere.cpp rt\solids\triangle.cpp
         a_indexing.cpp
     1>C:\Users\junaid\Dropbox\CG\CG New\CGProject\core/assert.h(29): warning C4100: 'cond' : unreferenced formal parameter
     1>C:\Users\junaid\Dropbox\CG\CG New\CGProject\core/color.h(33): warning C4324: 'rt::RGBColor' : structure was padded due to __declspec(align())
     1>C:\Users\junaid\Dropbox\CG\CG New\CGProject\core/vector.h(35): warning C4324: 'rt::Vector' : structure was padded due to __declspec(align())
     1>C:\Users\junaid\Dropbox\CG\CG New\CGProject\core/point.h(28): warning C4324: 'rt::Point' : structure was padded due to __declspec(align())
     1>C:\Users\junaid\Dropbox\CG\CG New\CGProject\rt\intersection.h(29): warning C4324: 'rt::Intersection' : structure was padded due to __declspec(align())
     1>C:\Users\junaid\Dropbox\CG\CG New\CGProject\rt/groups/kd.h(29): warning C4100: 'p' : unreferenced formal parameter
     1>C:\Users\junaid\Dropbox\CG\CG New\CGProject\rt/solids/sphere.h(24): warning C4324: 'rt::Sphere' : structure was padded due to __declspec(align())
     1>C:\Users\junaid\Dropbox\CG\CG New\CGProject\rt/cameras/perspective.h(25): warning C4324: 'rt::PerspectiveCamera' : structure was padded due to __declspec(align())
     1>C:\Users\junaid\Dropbox\CG\CG New\CGProject\rt/cameras/perspective.h(26): warning C4512: 'rt::PerspectiveCamera' : assignment operator could not be generated
                 C:\Users\junaid\Dropbox\CG\CG New\CGProject\rt/cameras/perspective.h(10) : see declaration of 'rt::PerspectiveCamera'
     1>C:\Users\junaid\Dropbox\CG\CG New\CGProject\rt\solids\aabox.h(23): warning C4324: 'rt::AABox' : structure was padded due to __declspec(align())
     1>C:\Users\junaid\Dropbox\CG\CG New\CGProject\rt/solids/infiniteplane.h(23): warning C4324: 'rt::InfinitePlane' : structure was padded due to __declspec(align())
     1>C:\Users\junaid\Dropbox\CG\CG New\CGProject\rt/solids/triangle.h(23): warning C4324: 'rt::Triangle' : structure was padded due to __declspec(align())
     1>C:\Users\junaid\Dropbox\CG\CG New\CGProject\rt/solids/quad.h(22): warning C4324: 'rt::Quad' : structure was padded due to __declspec(align())
     1>C:\Users\junaid\Dropbox\CG\CG New\CGProject\rt/solids/disc.h(22): warning C4324: 'rt::Disc' : structure was padded due to __declspec(align())
     1>C:\Users\junaid\Dropbox\CG\CG New\CGProject\rt\solids\gensphere.h(22): warning C4324: 'rt::GenSphere' : structure was padded due to __declspec(align())
     1>main\a_indexing.cpp(28): warning C4316: 'rt::KDTree' : object allocated on the heap may not be aligned 16
     1>main\a_indexing.cpp(33): warning C4316: 'rt::Sphere' : object allocated on the heap may not be aligned 16
     1>main\a_indexing.cpp(34): warning C4316: 'rt::Sphere' : object allocated on the heap may not be aligned 16
     1>main\a_indexing.cpp(35): warning C4316: 'rt::Sphere' : object allocated on the heap may not be aligned 16
     1>main\a_indexing.cpp(36): warning C4316: 'rt::Sphere' : object allocated on the heap may not be aligned 16
     1>main\a_indexing.cpp(37): warning C4316: 'rt::Sphere' : object allocated on the heap may not be aligned 16
         a_solids.cpp
     1>C:\Users\junaid\Dropbox\CG\CG New\CGProject\core/assert.h(29): warning C4100: 'cond' : unreferenced formal parameter
     1>C:\Users\junaid\Dropbox\CG\CG New\CGProject\core/color.h(33): warning C4324: 'rt::RGBColor' : structure was padded due to __declspec(align())
     1>C:\Users\junaid\Dropbox\CG\CG New\CGProject\core/vector.h(35): warning C4324: 'rt::Vector' : structure was padded due to __declspec(align())
     1>C:\Users\junaid\Dropbox\CG\CG New\CGProject\core/point.h(28): warning C4324: 'rt::Point' : structure was padded due to __declspec(align())
     1>C:\Users\junaid\Dropbox\CG\CG New\CGProject\rt\intersection.h(29): warning C4324: 'rt::Intersection' : structure was padded due to __declspec(align())
     1>C:\Users\junaid\Dropbox\CG\CG New\CGProject\rt/solids/sphere.h(24): warning C4324: 'rt::Sphere' : structure was padded due to __declspec(align())
     1>C:\Users\junaid\Dropbox\CG\CG New\CGProject\rt/solids/infiniteplane.h(23): warning C4324: 'rt::InfinitePlane' : structure was padded due to __declspec(align())
     1>C:\Users\junaid\Dropbox\CG\CG New\CGProject\rt/solids/triangle.h(23): warning C4324: 'rt::Triangle' : structure was padded due to __declspec(align())
     1>C:\Users\junaid\Dropbox\CG\CG New\CGProject\rt/solids/quad.h(22): warning C4324: 'rt::Quad' : structure was padded due to __declspec(align())
     1>C:\Users\junaid\Dropbox\CG\CG New\CGProject\rt/solids/disc.h(22): warning C4324: 'rt::Disc' : structure was padded due to __declspec(align())
     1>C:\Users\junaid\Dropbox\CG\CG New\CGProject\rt/solids/aabox.h(23): warning C4324: 'rt::AABox' : structure was padded due to __declspec(align())
     1>C:\Users\junaid\Dropbox\CG\CG New\CGProject\rt/cameras/perspective.h(25): warning C4324: 'rt::PerspectiveCamera' : structure was padded due to __declspec(align())
     1>C:\Users\junaid\Dropbox\CG\CG New\CGProject\rt/cameras/perspective.h(26): warning C4512: 'rt::PerspectiveCamera' : assignment operator could not be generated
                 C:\Users\junaid\Dropbox\CG\CG New\CGProject\rt/cameras/perspective.h(10) : see declaration of 'rt::PerspectiveCamera'
     1>C:\Users\junaid\Dropbox\CG\CG New\CGProject\rt/integrators/castingdist.h(20): warning C4324: 'rt::RayCastingDistIntegrator' : structure was padded due to __declspec(align())
     1>C:\Users\junaid\Dropbox\CG\CG New\CGProject\rt\solids\gensphere.h(22): warning C4324: 'rt::GenSphere' : structure was padded due to __declspec(align())
     1>main\a_solids.cpp(24): warning C4316: 'rt::SimpleGroup' : object allocated on the heap may not be aligned 16
     1>main\a_solids.cpp(25): warning C4316: 'rt::GenSphere' : object allocated on the heap may not be aligned 16
     1>main\a_solids.cpp(26): warning C4316: 'rt::Sphere' : object allocated on the heap may not be aligned 16
     1>main\a_solids.cpp(27): warning C4316: 'rt::Sphere' : object allocated on the heap may not be aligned 16
     1>main\a_solids.cpp(29): warning C4316: 'rt::InfinitePlane' : object allocated on the heap may not be aligned 16
     1>main\a_solids.cpp(36): warning C4316: 'rt::Triangle' : object allocated on the heap may not be aligned 16
     1>main\a_solids.cpp(38): warning C4316: 'rt::Triangle' : object allocated on the heap may not be aligned 16
     1>main\a_solids.cpp(39): warning C4316: 'rt::Quad' : object allocated on the heap may not be aligned 16
     1>main\a_solids.cpp(41): warning C4316: 'rt::Disc' : object allocated on the heap may not be aligned 16
     1>main\a_solids.cpp(43): warning C4316: 'rt::AABox' : object allocated on the heap may not be aligned 16
     1>main\a_solids.cpp(21): warning C4100: 'screen' : unreferenced formal parameter
         bbox.cpp
     1>C:\Users\junaid\Dropbox\CG\CG New\CGProject\core/point.h(28): warning C4324: 'rt::Point' : structure was padded due to __declspec(align())
     1>C:\Users\junaid\Dropbox\CG\CG New\CGProject\core/vector.h(35): warning C4324: 'rt::Vector' : structure was padded due to __declspec(align())
     1>C:\Users\junaid\Dropbox\CG\CG New\CGProject\rt\intersection.h(29): warning C4324: 'rt::Intersection' : structure was padded due to __declspec(align())
         kd.cpp
     1>C:\Users\junaid\Dropbox\CG\CG New\CGProject\core/vector.h(35): warning C4324: 'rt::Vector' : structure was padded due to __declspec(align())
     1>C:\Users\junaid\Dropbox\CG\CG New\CGProject\core/point.h(28): warning C4324: 'rt::Point' : structure was padded due to __declspec(align())
     1>C:\Users\junaid\Dropbox\CG\CG New\CGProject\rt\intersection.h(29): warning C4324: 'rt::Intersection' : structure was padded due to __declspec(align())
     1>c:\users\junaid\dropbox\cg\cg new\cgproject\rt\groups\kd.h(29): warning C4100: 'p' : unreferenced formal parameter
     1>rt\groups\kd.cpp(138): warning C4239: nonstandard extension used : 'argument' : conversion from 'rt::Point' to 'rt::Point &'
                 A non-const reference may only be bound to an lvalue
     1>rt\groups\kd.cpp(370): warning C4316: 'rt::KDTreeNode' : object allocated on the heap may not be aligned 16
     1>rt\groups\kd.cpp(415): warning C4316: 'rt::KDTreeNode' : object allocated on the heap may not be aligned 16
     1>rt\groups\kd.cpp(416): warning C4316: 'rt::KDTreeNode' : object allocated on the heap may not be aligned 16
     1>rt\groups\kd.cpp(368): warning C4189: 'wholeNodeCount' : local variable is initialized but not referenced
     1>rt\groups\kd.cpp(496): warning C4100: 'm' : unreferenced formal parameter
     1>rt\groups\kd.cpp(498): warning C4100: 'cm' : unreferenced formal parameter
         simplegroup.cpp
     1>C:\Users\junaid\Dropbox\CG\CG New\CGProject\core/vector.h(35): warning C4324: 'rt::Vector' : structure was padded due to __declspec(align())
     1>C:\Users\junaid\Dropbox\CG\CG New\CGProject\core/point.h(28): warning C4324: 'rt::Point' : structure was padded due to __declspec(align())
     1>C:\Users\junaid\Dropbox\CG\CG New\CGProject\rt\intersection.h(29): warning C4324: 'rt::Intersection' : structure was padded due to __declspec(align())
         obj.cpp
     1>C:\Users\junaid\Dropbox\CG\CG New\CGProject\core/vector.h(35): warning C4324: 'rt::Vector' : structure was padded due to __declspec(align())
     1>C:\Users\junaid\Dropbox\CG\CG New\CGProject\core/assert.h(29): warning C4100: 'cond' : unreferenced formal parameter
     1>C:\Users\junaid\Dropbox\CG\CG New\CGProject\core/point.h(28): warning C4324: 'rt::Point' : structure was padded due to __declspec(align())
     1>C:\Users\junaid\Dropbox\CG\CG New\CGProject\rt\intersection.h(29): warning C4324: 'rt::Intersection' : structure was padded due to __declspec(align())
     1>C:\Users\junaid\Dropbox\CG\CG New\CGProject\rt/solids/triangle.h(23): warning C4324: 'rt::Triangle' : structure was padded due to __declspec(align())
     1>rt\loaders\obj.cpp(153): warning C4189: 'i' : local variable is initialized but not referenced
     1>rt\loaders\obj.cpp(336): warning C4127: conditional expression is constant
     1>rt\loaders\obj.cpp(367): warning C4316: 'rt::Triangle' : object allocated on the heap may not be aligned 16
     1>rt\loaders\obj.cpp(276): warning C4189: 'lineIdx' : local variable is initialized but not referenced
         aabox.cpp
     1>C:\Users\junaid\Dropbox\CG\CG New\CGProject\core/vector.h(35): warning C4324: 'rt::Vector' : structure was padded due to __declspec(align())
     1>C:\Users\junaid\Dropbox\CG\CG New\CGProject\core\point.h(28): warning C4324: 'rt::Point' : structure was padded due to __declspec(align())
     1>C:\Users\junaid\Dropbox\CG\CG New\CGProject\rt\intersection.h(29): warning C4324: 'rt::Intersection' : structure was padded due to __declspec(align())
     1>C:\Users\junaid\Dropbox\CG\CG New\CGProject\rt\solids\aabox.h(23): warning C4324: 'rt::AABox' : structure was padded due to __declspec(align())
     1>rt\solids\aabox.cpp(5): warning C4100: 'material' : unreferenced formal parameter
     1>rt\solids\aabox.cpp(5): warning C4100: 'texMapper' : unreferenced formal parameter
     1>rt\solids\aabox.cpp(19): warning C4244: 'initializing' : conversion from 'double' to 'float', possible loss of data
     1>rt\solids\aabox.cpp(29): warning C4244: 'initializing' : conversion from 'double' to 'float', possible loss of data
     1>rt\solids\aabox.cpp(39): warning C4244: 'initializing' : conversion from 'double' to 'float', possible loss of data
         disc.cpp
     1>C:\Users\junaid\Dropbox\CG\CG New\CGProject\core/vector.h(35): warning C4324: 'rt::Vector' : structure was padded due to __declspec(align())
     1>C:\Users\junaid\Dropbox\CG\CG New\CGProject\core/point.h(28): warning C4324: 'rt::Point' : structure was padded due to __declspec(align())
     1>C:\Users\junaid\Dropbox\CG\CG New\CGProject\rt\intersection.h(29): warning C4324: 'rt::Intersection' : structure was padded due to __declspec(align())
     1>C:\Users\junaid\Dropbox\CG\CG New\CGProject\rt\solids\disc.h(22): warning C4324: 'rt::Disc' : structure was padded due to __declspec(align())
         generalquadric.cpp
     1>C:\Users\junaid\Dropbox\CG\CG New\CGProject\core/vector.h(35): warning C4324: 'rt::Vector' : structure was padded due to __declspec(align())
     1>C:\Users\junaid\Dropbox\CG\CG New\CGProject\core/point.h(28): warning C4324: 'rt::Point' : structure was padded due to __declspec(align())
     1>C:\Users\junaid\Dropbox\CG\CG New\CGProject\rt\intersection.h(29): warning C4324: 'rt::Intersection' : structure was padded due to __declspec(align())
     1>rt\solids\generalquadric.cpp(5): warning C4100: 'material' : unreferenced formal parameter
     1>rt\solids\generalquadric.cpp(5): warning C4100: 'texMapper' : unreferenced formal parameter
         gensphere.cpp
     1>C:\Users\junaid\Dropbox\CG\CG New\CGProject\core/vector.h(35): warning C4324: 'rt::Vector' : structure was padded due to __declspec(align())
     1>C:\Users\junaid\Dropbox\CG\CG New\CGProject\core/point.h(28): warning C4324: 'rt::Point' : structure was padded due to __declspec(align())
     1>C:\Users\junaid\Dropbox\CG\CG New\CGProject\rt\intersection.h(29): warning C4324: 'rt::Intersection' : structure was padded due to __declspec(align())
     1>C:\Users\junaid\Dropbox\CG\CG New\CGProject\rt\solids\gensphere.h(22): warning C4324: 'rt::GenSphere' : structure was padded due to __declspec(align())
     1>rt\solids\gensphere.cpp(6): warning C4100: 'material' : unreferenced formal parameter
     1>rt\solids\gensphere.cpp(6): warning C4100: 'texMapper' : unreferenced formal parameter
     1>rt\solids\gensphere.cpp(25): warning C4244: 'argument' : conversion from 'double' to 'float', possible loss of data
         infiniteplane.cpp
     1>C:\Users\junaid\Dropbox\CG\CG New\CGProject\core/vector.h(35): warning C4324: 'rt::Vector' : structure was padded due to __declspec(align())
     1>C:\Users\junaid\Dropbox\CG\CG New\CGProject\core\point.h(28): warning C4324: 'rt::Point' : structure was padded due to __declspec(align())
     1>C:\Users\junaid\Dropbox\CG\CG New\CGProject\rt\intersection.h(29): warning C4324: 'rt::Intersection' : structure was padded due to __declspec(align())
     1>C:\Users\junaid\Dropbox\CG\CG New\CGProject\rt\solids\infiniteplane.h(23): warning C4324: 'rt::InfinitePlane' : structure was padded due to __declspec(align())
         quad.cpp
     1>C:\Users\junaid\Dropbox\CG\CG New\CGProject\core/vector.h(35): warning C4324: 'rt::Vector' : structure was padded due to __declspec(align())
     1>C:\Users\junaid\Dropbox\CG\CG New\CGProject\core\point.h(28): warning C4324: 'rt::Point' : structure was padded due to __declspec(align())
     1>C:\Users\junaid\Dropbox\CG\CG New\CGProject\rt\intersection.h(29): warning C4324: 'rt::Intersection' : structure was padded due to __declspec(align())
     1>C:\Users\junaid\Dropbox\CG\CG New\CGProject\rt\solids\quad.h(22): warning C4324: 'rt::Quad' : structure was padded due to __declspec(align())
     1>rt\solids\quad.cpp(5): warning C4100: 'material' : unreferenced formal parameter
     1>rt\solids\quad.cpp(5): warning C4100: 'texMapper' : unreferenced formal parameter
         sphere.cpp
     1>C:\Users\junaid\Dropbox\CG\CG New\CGProject\core/vector.h(35): warning C4324: 'rt::Vector' : structure was padded due to __declspec(align())
     1>C:\Users\junaid\Dropbox\CG\CG New\CGProject\core\point.h(28): warning C4324: 'rt::Point' : structure was padded due to __declspec(align())
     1>C:\Users\junaid\Dropbox\CG\CG New\CGProject\rt\intersection.h(29): warning C4324: 'rt::Intersection' : structure was padded due to __declspec(align())
     1>C:\Users\junaid\Dropbox\CG\CG New\CGProject\rt\solids\sphere.h(24): warning C4324: 'rt::Sphere' : structure was padded due to __declspec(align())
     1>rt\solids\sphere.cpp(4): warning C4100: 'material' : unreferenced formal parameter
     1>rt\solids\sphere.cpp(4): warning C4100: 'texMapper' : unreferenced formal parameter
     1>rt\solids\sphere.cpp(83): warning C4244: 'argument' : conversion from 'double' to 'float', possible loss of data
         triangle.cpp
     1>C:\Users\junaid\Dropbox\CG\CG New\CGProject\core/vector.h(35): warning C4324: 'rt::Vector' : structure was padded due to __declspec(align())
     1>C:\Users\junaid\Dropbox\CG\CG New\CGProject\core/point.h(28): warning C4324: 'rt::Point' : structure was padded due to __declspec(align())
     1>C:\Users\junaid\Dropbox\CG\CG New\CGProject\rt\intersection.h(29): warning C4324: 'rt::Intersection' : structure was padded due to __declspec(align())
     1>C:\Users\junaid\Dropbox\CG\CG New\CGProject\rt\solids\triangle.h(23): warning C4324: 'rt::Triangle' : structure was padded due to __declspec(align())
     1>rt\solids\triangle.cpp(5): warning C4100: 'material' : unreferenced formal parameter
     1>rt\solids\triangle.cpp(5): warning C4100: 'texMapper' : unreferenced formal parameter
     1>rt\solids\triangle.cpp(14): warning C4100: 'material' : unreferenced formal parameter
     1>rt\solids\triangle.cpp(14): warning C4100: 'texMapper' : unreferenced formal parameter
       Link:
         C:\Program Files (x86)\Microsoft Visual Studio 12.0\VC\bin\link.exe /ERRORREPORT:PROMPT /OUT:"C:\Users\junaid\Dropbox\CG\CG New\CGProject\Release\CG1raytracer.exe" /NOLOGO gdiplus.lib SDL.lib kernel32.lib user32.lib gdi32.lib winspool.lib comdlg32.lib advapi32.lib shell32.lib ole32.lib oleaut32.lib uuid.lib odbc32.lib odbccp32.lib /MANIFEST /MANIFESTUAC:"level='asInvoker' uiAccess='false'" /manifest:embed /DEBUG /PDB:"C:\Users\junaid\Dropbox\CG\CG New\CGProject\Release\CG1raytracer.pdb" /SUBSYSTEM:CONSOLE /OPT:REF /OPT:ICF /LTCG /TLBID:1 /DYNAMICBASE /NXCOMPAT /IMPLIB:"C:\Users\junaid\Dropbox\CG\CG New\CGProject\Release\CG1raytracer.lib" /MACHINE:X86 /SAFESEH Release\color.obj
         Release\image.obj
         Release\julia.obj
         Release\point.obj
         Release\scalar.obj
         Release\vector.obj
         Release\a_indexing.obj
         Release\a_julia.obj
         Release\a_cameras.obj
         Release\a_solids.obj
         Release\main.obj
         Release\bbox.obj
         Release\environment.obj
         Release\fisheye.obj
         Release\orthographic.obj
         Release\perspective.obj
         Release\kd.obj
         Release\simplegroup.obj
         Release\casting.obj
         Release\castingdist.obj
         Release\intersection.obj
         Release\obj.obj
         Release\ray.obj
         Release\renderer.obj
         Release\aabox.obj
         Release\disc.obj
         Release\generalquadric.obj
         Release\gensphere.obj
         Release\infiniteplane.obj
         Release\quad.obj
         Release\solids.obj
         Release\sphere.obj
         Release\triangle.obj
         SDL.lib
         SDLmain.lib
         Generating code
     1>c:\users\junaid\dropbox\cg\cg new\cgproject\rt\groups\kd.cpp(407): warning C4701: potentially uninitialized local variable 'splitCoordinate' used
     1>c:\users\junaid\dropbox\cg\cg new\cgproject\rt\groups\kd.cpp(465): warning C4701: potentially uninitialized local variable 'minCoord' used
     1>c:\users\junaid\dropbox\cg\cg new\cgproject\rt\groups\kd.cpp(468): warning C4701: potentially uninitialized local variable 'maxCoord' used
         Finished generating code
         CG1raytracer.vcxproj -> C:\Users\junaid\Dropbox\CG\CG New\CGProject\Release\CG1raytracer.exe
     1>Done Building Project "C:\Users\junaid\Dropbox\CG\CG New\CGProject\CG1raytracer.vcxproj" (Build target(s)).

Build succeeded.

Time Elapsed 00:00:06.33
