e:\github\cg-saar-raytracer\release\vc120.pdb
e:\github\cg-saar-raytracer\release\kdtree.obj
e:\github\cg-saar-raytracer\release\perspective.obj
e:\github\cg-saar-raytracer\release\orthographic.obj
e:\github\cg-saar-raytracer\release\fisheye.obj
e:\github\cg-saar-raytracer\release\environment.obj
e:\github\cg-saar-raytracer\release\bbox.obj
e:\github\cg-saar-raytracer\release\newscene.obj
e:\github\cg-saar-raytracer\release\main.obj
e:\github\cg-saar-raytracer\release\a_solids.obj
e:\github\cg-saar-raytracer\release\a_materials.obj
e:\github\cg-saar-raytracer\release\a_lighting.obj
e:\github\cg-saar-raytracer\release\a_cameras.obj
e:\github\cg-saar-raytracer\release\a_julia.obj
e:\github\cg-saar-raytracer\release\a_indexing.obj
e:\github\cg-saar-raytracer\release\vector.obj
e:\github\cg-saar-raytracer\release\scalar.obj
e:\github\cg-saar-raytracer\release\point.obj
e:\github\cg-saar-raytracer\release\julia.obj
e:\github\cg-saar-raytracer\release\image.obj
e:\github\cg-saar-raytracer\release\color.obj
e:\github\cg-saar-raytracer\release\aabox.obj
e:\github\cg-saar-raytracer\release\renderer.obj
e:\github\cg-saar-raytracer\release\ray.obj
e:\github\cg-saar-raytracer\release\phong.obj
e:\github\cg-saar-raytracer\release\mirror.obj
e:\github\cg-saar-raytracer\release\lambertian.obj
e:\github\cg-saar-raytracer\release\dummy.obj
e:\github\cg-saar-raytracer\release\combine.obj
e:\github\cg-saar-raytracer\release\obj.obj
e:\github\cg-saar-raytracer\release\spotlight.obj
e:\github\cg-saar-raytracer\release\projectivelight.obj
e:\github\cg-saar-raytracer\release\pointlight.obj
e:\github\cg-saar-raytracer\release\directional.obj
e:\github\cg-saar-raytracer\release\intersection.obj
e:\github\cg-saar-raytracer\release\recraytrace.obj
e:\github\cg-saar-raytracer\release\raytrace.obj
e:\github\cg-saar-raytracer\release\castingdist.obj
e:\github\cg-saar-raytracer\release\casting.obj
e:\github\cg-saar-raytracer\release\simplegroup.obj
e:\github\cg-saar-raytracer\release\constanttexture.obj
e:\github\cg-saar-raytracer\release\triangle.obj
e:\github\cg-saar-raytracer\release\sphere.obj
e:\github\cg-saar-raytracer\release\solids.obj
e:\github\cg-saar-raytracer\release\quad.obj
e:\github\cg-saar-raytracer\release\infiniteplane.obj
e:\github\cg-saar-raytracer\release\gensphere.obj
e:\github\cg-saar-raytracer\release\generalquadric.obj
e:\github\cg-saar-raytracer\release\disc.obj
e:\github\cg-saar-raytracer\release\cg1raytracer.tlog\cl.command.1.tlog
e:\github\cg-saar-raytracer\release\cg1raytracer.tlog\cl.read.1.tlog
e:\github\cg-saar-raytracer\release\cg1raytracer.tlog\cl.write.1.tlog
